[debug] [2023-09-08T05:02:38.651Z] ----------------------------------------------------------------------
[debug] [2023-09-08T05:02:38.654Z] Command:       C:\Program Files\nodejs\node.exe C:\Users\Khairul\AppData\Roaming\npm\node_modules\firebase-tools\lib\bin\firebase.js init
[debug] [2023-09-08T05:02:38.654Z] CLI Version:   12.5.2
[debug] [2023-09-08T05:02:38.654Z] Platform:      win32
[debug] [2023-09-08T05:02:38.654Z] Node Version:  v18.13.0
[debug] [2023-09-08T05:02:38.655Z] Time:          Fri Sep 08 2023 11:02:38 GMT+0600 (Bangladesh Standard Time)
[debug] [2023-09-08T05:02:38.655Z] ----------------------------------------------------------------------
[debug] 
[debug] [2023-09-08T05:02:38.740Z] > command requires scopes: ["email","openid","https://www.googleapis.com/auth/cloudplatformprojects.readonly","https://www.googleapis.com/auth/firebase","https://www.googleapis.com/auth/cloud-platform"]
[debug] [2023-09-08T05:02:38.740Z] > authorizing via signed-in user (iubat21103033@gmail.com)
[info] 
     ######## #### ########  ######## ########     ###     ######  ########
     ##        ##  ##     ## ##       ##     ##  ##   ##  ##       ##
     ######    ##  ########  ######   ########  #########  ######  ######
     ##        ##  ##    ##  ##       ##     ## ##     ##       ## ##
     ##       #### ##     ## ######## ########  ##     ##  ######  ########

You're about to initialize a Firebase project in this directory:

  E:\jhankervai\mongo\doctorsPortal - Copy\doctors-portal-client

Before we get started, keep in mind:

  * You are initializing within an existing Firebase project directory

[info] 
=== Project Setup
[info] 
[info] First, let's associate this project directory with a Firebase project.
[info] You can create multiple project aliases by running firebase use --add, 
[info] but for now we'll just set up a default project.
[info] 
[debug] [2023-09-08T05:03:14.429Z] Using project from CLI flag: task-management-app-dcccf
[debug] [2023-09-08T05:03:14.430Z] > refreshing access token with scopes: []
[debug] [2023-09-08T05:03:14.432Z] >>> [apiv2][query] POST https://www.googleapis.com/oauth2/v3/token [none]
[debug] [2023-09-08T05:03:14.432Z] >>> [apiv2][body] POST https://www.googleapis.com/oauth2/v3/token [omitted]
[debug] [2023-09-08T05:03:15.544Z] <<< [apiv2][status] POST https://www.googleapis.com/oauth2/v3/token 400
[debug] [2023-09-08T05:03:15.544Z] <<< [apiv2][body] POST https://www.googleapis.com/oauth2/v3/token [omitted]
[debug] [2023-09-08T05:03:15.545Z] >>> [apiv2][query] GET https://firebase.googleapis.com/v1beta1/projects/task-management-app-dcccf [none]
[debug] [2023-09-08T05:03:16.199Z] <<< [apiv2][status] GET https://firebase.googleapis.com/v1beta1/projects/task-management-app-dcccf 401
[debug] [2023-09-08T05:03:16.199Z] <<< [apiv2][body] GET https://firebase.googleapis.com/v1beta1/projects/task-management-app-dcccf {"error":{"code":401,"message":"Request had invalid authentication credentials. Expected OAuth 2 access token, login cookie or other valid authentication credential. See https://developers.google.com/identity/sign-in/web/devconsole-project.","status":"UNAUTHENTICATED"}}
[debug] [2023-09-08T05:03:16.200Z] HTTP Error: 401, Request had invalid authentication credentials. Expected OAuth 2 access token, login cookie or other valid authentication credential. See https://developers.google.com/identity/sign-in/web/devconsole-project.
[debug] [2023-09-08T05:03:16.701Z] FirebaseError: HTTP Error: 401, Request had invalid authentication credentials. Expected OAuth 2 access token, login cookie or other valid authentication credential. See https://developers.google.com/identity/sign-in/web/devconsole-project.
    at responseToError (C:\Users\Khairul\AppData\Roaming\npm\node_modules\firebase-tools\lib\responseToError.js:49:12)
    at RetryOperation._fn (C:\Users\Khairul\AppData\Roaming\npm\node_modules\firebase-tools\lib\apiv2.js:285:77)
    at process.processTicksAndRejections (node:internal/process/task_queues:95:5)
[error] 
[error] Error: Failed to get Firebase project task-management-app-dcccf. Please make sure the project exists and your account has permission to access it.
